2018-04-28 11:50:07,278 INFO o.a.j.u.JMeterUtils: Setting Locale to zh_CN
2018-04-28 11:50:07,287 INFO o.a.j.JMeter: Loading user properties from: user.properties
2018-04-28 11:50:07,287 INFO o.a.j.JMeter: Loading system properties from: system.properties
2018-04-28 11:50:07,292 INFO o.a.j.JMeter: Copyright (c) 1998-2017 The Apache Software Foundation
2018-04-28 11:50:07,292 INFO o.a.j.JMeter: Version 3.2 r1790748
2018-04-28 11:50:07,293 INFO o.a.j.JMeter: java.version=1.8.0_161
2018-04-28 11:50:07,293 INFO o.a.j.JMeter: java.vm.name=Java HotSpot(TM) 64-Bit Server VM
2018-04-28 11:50:07,293 INFO o.a.j.JMeter: os.name=Windows 10
2018-04-28 11:50:07,293 INFO o.a.j.JMeter: os.arch=amd64
2018-04-28 11:50:07,293 INFO o.a.j.JMeter: os.version=10.0
2018-04-28 11:50:07,293 INFO o.a.j.JMeter: file.encoding=GBK
2018-04-28 11:50:07,293 INFO o.a.j.JMeter: Max memory     =536870912
2018-04-28 11:50:07,293 INFO o.a.j.JMeter: Available Processors =4
2018-04-28 11:50:07,298 INFO o.a.j.JMeter: Default Locale=中文 (中国)
2018-04-28 11:50:07,298 INFO o.a.j.JMeter: JMeter  Locale=中文 (中国)
2018-04-28 11:50:07,298 INFO o.a.j.JMeter: JMeterHome=C:\Users\DS030\Desktop\apache-jmeter-3.2
2018-04-28 11:50:07,298 INFO o.a.j.JMeter: user.dir  =C:\Users\DS030\Desktop\apache-jmeter-3.2\bin
2018-04-28 11:50:07,298 INFO o.a.j.JMeter: PWD       =C:\Users\DS030\Desktop\apache-jmeter-3.2\bin
2018-04-28 11:50:11,880 INFO o.a.j.JMeter: IP: 192.168.194.1 Name: paj-PC FullName: paj-PC
2018-04-28 11:50:12,043 INFO o.a.j.g.a.LookAndFeelCommand: Using look and feel: javax.swing.plaf.metal.MetalLookAndFeel [Metal, CrossPlatform]
2018-04-28 11:50:12,050 INFO o.a.j.JMeter: Loaded icon properties from org/apache/jmeter/images/icon.properties
2018-04-28 11:50:12,441 INFO o.a.j.e.u.CompoundVariable: Note: Function class names must contain the string: '.functions.'
2018-04-28 11:50:12,441 INFO o.a.j.e.u.CompoundVariable: Note: Function class names must not contain the string: '.gui.'
2018-04-28 11:50:15,533 INFO o.j.r.PluginManager: Plugins Status: [jpgc-plugins-manager=0.13, websocket-samplers=0.9, jmeter-core=3.2, jmeter-ftp=3.2, jmeter-http=3.2, jmeter-jdbc=3.2, jmeter-jms=3.2, jmeter-junit=3.2, jmeter-java=3.2, jmeter-ldap=3.2, jmeter-mail=3.2, jmeter-mongodb=3.2, jmeter-native=3.2, jmeter-tcp=3.2, jmeter-components=3.2]
2018-04-28 11:50:15,818 INFO o.a.j.g.u.MenuFactory: Skipping org.apache.jmeter.assertions.BSFAssertion
2018-04-28 11:50:16,067 INFO o.a.j.g.u.MenuFactory: Skipping org.apache.jmeter.extractor.BSFPostProcessor
2018-04-28 11:50:16,090 INFO o.a.j.g.u.MenuFactory: Skipping org.apache.jmeter.modifiers.BSFPreProcessor
2018-04-28 11:50:16,108 INFO o.a.j.p.h.s.HTTPSamplerBase: Parser for text/html is org.apache.jmeter.protocol.http.parser.LagartoBasedHtmlParser
2018-04-28 11:50:16,108 INFO o.a.j.p.h.s.HTTPSamplerBase: Parser for application/xhtml+xml is org.apache.jmeter.protocol.http.parser.LagartoBasedHtmlParser
2018-04-28 11:50:16,109 INFO o.a.j.p.h.s.HTTPSamplerBase: Parser for application/xml is org.apache.jmeter.protocol.http.parser.LagartoBasedHtmlParser
2018-04-28 11:50:16,109 INFO o.a.j.p.h.s.HTTPSamplerBase: Parser for text/xml is org.apache.jmeter.protocol.http.parser.LagartoBasedHtmlParser
2018-04-28 11:50:16,109 INFO o.a.j.p.h.s.HTTPSamplerBase: Parser for text/vnd.wap.wml is org.apache.jmeter.protocol.http.parser.RegexpHTMLParser
2018-04-28 11:50:16,109 INFO o.a.j.p.h.s.HTTPSamplerBase: Parser for text/css is org.apache.jmeter.protocol.http.parser.CssParser
2018-04-28 11:50:18,443 INFO o.a.j.e.KeyToolUtils: keytool found at 'keytool'
2018-04-28 11:50:18,444 INFO o.a.j.p.h.p.ProxyControl: HTTP(S) Test Script Recorder SSL Proxy will use keys that support embedded 3rd party resources in file C:\Users\DS030\Desktop\apache-jmeter-3.2\bin\proxyserver.jks
2018-04-28 11:50:18,532 INFO o.a.j.g.u.MenuFactory: Skipping org.apache.jmeter.protocol.java.sampler.BSFSampler
2018-04-28 11:50:18,562 INFO o.a.j.s.FileServer: Default base='C:\Users\DS030\Desktop\apache-jmeter-3.2\bin'
2018-04-28 11:50:18,615 INFO o.a.j.g.u.MenuFactory: Skipping org.apache.jmeter.protocol.mongodb.config.MongoSourceElement
2018-04-28 11:50:18,616 INFO o.a.j.g.u.MenuFactory: Skipping org.apache.jmeter.protocol.mongodb.sampler.MongoScriptSampler
2018-04-28 11:50:18,858 INFO o.a.j.g.u.MenuFactory: Skipping org.apache.jmeter.timers.BSFTimer
2018-04-28 11:50:18,880 INFO o.a.j.g.u.MenuFactory: Skipping org.apache.jmeter.visualizers.BSFListener
2018-04-28 11:50:18,974 INFO o.a.j.s.SampleResult: Note: Sample TimeStamps are START times
2018-04-28 11:50:18,975 INFO o.a.j.s.SampleResult: sampleresult.default.encoding is set to ISO-8859-1
2018-04-28 11:50:18,975 INFO o.a.j.s.SampleResult: sampleresult.useNanoTime=true
2018-04-28 11:50:18,975 INFO o.a.j.s.SampleResult: sampleresult.nanoThreadSleep=5000
2018-04-28 11:51:30,335 INFO o.a.j.g.a.Load: Loading file: C:\Users\DS030\Desktop\apache-jmeter-3.2\bin\测试计划.jmx
2018-04-28 11:51:30,336 INFO o.a.j.s.FileServer: Set new base='C:\Users\DS030\Desktop\apache-jmeter-3.2\bin'
2018-04-28 11:51:30,588 INFO o.a.j.s.SaveService: Testplan (JMX) version: 2.2. Testlog (JTL) version: 2.2
2018-04-28 11:51:30,606 INFO o.a.j.s.SaveService: Using SaveService properties file encoding UTF-8
2018-04-28 11:51:30,608 INFO o.a.j.s.SaveService: Using SaveService properties version 3.2
2018-04-28 11:51:30,611 INFO o.a.j.s.SaveService: Loading file: C:\Users\DS030\Desktop\apache-jmeter-3.2\bin\测试计划.jmx
2018-04-28 11:51:30,779 INFO o.a.j.s.FileServer: Set new base='C:\Users\DS030\Desktop\apache-jmeter-3.2\bin'
2018-04-28 11:53:49,199 INFO o.a.j.e.StandardJMeterEngine: Running the test!
2018-04-28 11:53:49,200 INFO o.a.j.s.SampleEvent: List of sample_variables: []
2018-04-28 11:53:49,200 INFO o.a.j.s.SampleEvent: List of sample_variables: []
2018-04-28 11:53:49,203 INFO o.a.j.g.u.JMeterMenuBar: setRunning(true, *local*)
2018-04-28 11:53:49,345 INFO o.a.j.e.StandardJMeterEngine: Starting ThreadGroup: 1 : 线程组
2018-04-28 11:53:49,346 INFO o.a.j.e.StandardJMeterEngine: Starting 50 threads for group 线程组.
2018-04-28 11:53:49,346 INFO o.a.j.e.StandardJMeterEngine: Thread will continue on error
2018-04-28 11:53:49,346 INFO o.a.j.t.ThreadGroup: Starting thread group... number=1 threads=50 ramp-up=2 perThread=40.0 delayedStart=false
2018-04-28 11:53:49,368 INFO o.a.j.t.ThreadGroup: Started thread group number 1
2018-04-28 11:53:49,368 INFO o.a.j.e.StandardJMeterEngine: All thread groups have been started
2018-04-28 11:53:49,371 INFO o.a.j.t.JMeterThread: Thread started: 线程组 1-1
2018-04-28 11:53:49,394 INFO o.a.j.p.h.s.HTTPHCAbstractImpl: Local host = paj-PC
2018-04-28 11:53:49,407 INFO o.a.j.p.h.s.HTTPHC4Impl: HTTP request retry count = 0
2018-04-28 11:53:49,412 INFO o.a.j.t.JMeterThread: Thread started: 线程组 1-2
2018-04-28 11:53:49,451 INFO o.a.j.t.JMeterThread: Thread started: 线程组 1-3
2018-04-28 11:53:49,491 INFO o.a.j.t.JMeterThread: Thread started: 线程组 1-4
2018-04-28 11:53:49,532 INFO o.a.j.t.JMeterThread: Thread started: 线程组 1-5
2018-04-28 11:53:49,572 INFO o.a.j.t.JMeterThread: Thread started: 线程组 1-6
2018-04-28 11:53:49,611 INFO o.a.j.t.JMeterThread: Thread started: 线程组 1-7
2018-04-28 11:53:49,651 INFO o.a.j.t.JMeterThread: Thread started: 线程组 1-8
2018-04-28 11:53:49,692 INFO o.a.j.t.JMeterThread: Thread started: 线程组 1-9
2018-04-28 11:53:49,736 INFO o.a.j.t.JMeterThread: Thread started: 线程组 1-10
2018-04-28 11:53:49,776 INFO o.a.j.t.JMeterThread: Thread started: 线程组 1-11
2018-04-28 11:53:49,816 INFO o.a.j.t.JMeterThread: Thread started: 线程组 1-12
2018-04-28 11:53:49,855 INFO o.a.j.t.JMeterThread: Thread started: 线程组 1-13
2018-04-28 11:53:49,897 INFO o.a.j.t.JMeterThread: Thread started: 线程组 1-14
2018-04-28 11:53:49,936 INFO o.a.j.t.JMeterThread: Thread started: 线程组 1-15
2018-04-28 11:53:49,976 INFO o.a.j.t.JMeterThread: Thread started: 线程组 1-16
2018-04-28 11:53:50,016 INFO o.a.j.t.JMeterThread: Thread started: 线程组 1-17
2018-04-28 11:53:50,057 INFO o.a.j.t.JMeterThread: Thread started: 线程组 1-18
2018-04-28 11:53:50,096 INFO o.a.j.t.JMeterThread: Thread started: 线程组 1-19
2018-04-28 11:53:50,136 INFO o.a.j.t.JMeterThread: Thread started: 线程组 1-20
2018-04-28 11:53:50,176 INFO o.a.j.t.JMeterThread: Thread started: 线程组 1-21
2018-04-28 11:53:50,217 INFO o.a.j.t.JMeterThread: Thread started: 线程组 1-22
2018-04-28 11:53:50,257 INFO o.a.j.t.JMeterThread: Thread started: 线程组 1-23
2018-04-28 11:53:50,296 INFO o.a.j.t.JMeterThread: Thread started: 线程组 1-24
2018-04-28 11:53:50,336 INFO o.a.j.t.JMeterThread: Thread started: 线程组 1-25
2018-04-28 11:53:50,376 INFO o.a.j.t.JMeterThread: Thread started: 线程组 1-26
2018-04-28 11:53:50,417 INFO o.a.j.t.JMeterThread: Thread started: 线程组 1-27
2018-04-28 11:53:50,457 INFO o.a.j.t.JMeterThread: Thread started: 线程组 1-28
2018-04-28 11:53:50,496 INFO o.a.j.t.JMeterThread: Thread started: 线程组 1-29
2018-04-28 11:53:50,531 INFO o.a.j.t.JMeterThread: Thread started: 线程组 1-30
2018-04-28 11:53:50,577 INFO o.a.j.t.JMeterThread: Thread started: 线程组 1-31
2018-04-28 11:53:50,616 INFO o.a.j.t.JMeterThread: Thread started: 线程组 1-32
2018-04-28 11:53:50,656 INFO o.a.j.t.JMeterThread: Thread started: 线程组 1-33
2018-04-28 11:53:50,691 INFO o.a.j.t.JMeterThread: Thread started: 线程组 1-34
2018-04-28 11:53:50,728 INFO o.a.j.t.JMeterThread: Thread started: 线程组 1-35
2018-04-28 11:53:50,776 INFO o.a.j.t.JMeterThread: Thread started: 线程组 1-36
2018-04-28 11:53:50,817 INFO o.a.j.t.JMeterThread: Thread started: 线程组 1-37
2018-04-28 11:53:50,851 INFO o.a.j.t.JMeterThread: Thread started: 线程组 1-38
2018-04-28 11:53:50,897 INFO o.a.j.t.JMeterThread: Thread started: 线程组 1-39
2018-04-28 11:53:50,937 INFO o.a.j.t.JMeterThread: Thread started: 线程组 1-40
2018-04-28 11:53:50,971 INFO o.a.j.t.JMeterThread: Thread started: 线程组 1-41
2018-04-28 11:53:51,017 INFO o.a.j.t.JMeterThread: Thread started: 线程组 1-42
2018-04-28 11:53:51,051 INFO o.a.j.t.JMeterThread: Thread started: 线程组 1-43
2018-04-28 11:53:51,097 INFO o.a.j.t.JMeterThread: Thread started: 线程组 1-44
2018-04-28 11:53:51,137 INFO o.a.j.t.JMeterThread: Thread started: 线程组 1-45
2018-04-28 11:53:51,176 INFO o.a.j.t.JMeterThread: Thread started: 线程组 1-46
2018-04-28 11:53:51,217 INFO o.a.j.t.JMeterThread: Thread started: 线程组 1-47
2018-04-28 11:53:51,256 INFO o.a.j.t.JMeterThread: Thread started: 线程组 1-48
2018-04-28 11:53:51,296 INFO o.a.j.t.JMeterThread: Thread started: 线程组 1-49
2018-04-28 11:53:51,336 INFO o.a.j.t.JMeterThread: Thread started: 线程组 1-50
2018-04-28 11:54:00,525 INFO o.a.j.t.JMeterThread: Thread is done: 线程组 1-1
2018-04-28 11:54:00,525 INFO o.a.j.t.JMeterThread: Thread finished: 线程组 1-1
2018-04-28 11:54:05,010 INFO o.a.j.t.JMeterThread: Thread is done: 线程组 1-2
2018-04-28 11:54:05,010 INFO o.a.j.t.JMeterThread: Thread finished: 线程组 1-2
2018-04-28 11:54:05,150 INFO o.a.j.t.JMeterThread: Thread is done: 线程组 1-3
2018-04-28 11:54:05,150 INFO o.a.j.t.JMeterThread: Thread finished: 线程组 1-3
2018-04-28 11:54:07,066 INFO o.a.j.t.JMeterThread: Thread is done: 线程组 1-4
2018-04-28 11:54:07,067 INFO o.a.j.t.JMeterThread: Thread finished: 线程组 1-4
2018-04-28 11:54:07,270 INFO o.a.j.t.JMeterThread: Thread is done: 线程组 1-6
2018-04-28 11:54:07,270 INFO o.a.j.t.JMeterThread: Thread finished: 线程组 1-6
2018-04-28 11:54:10,331 INFO o.a.j.t.JMeterThread: Thread is done: 线程组 1-8
2018-04-28 11:54:10,331 INFO o.a.j.t.JMeterThread: Thread finished: 线程组 1-8
2018-04-28 11:54:11,272 INFO o.a.j.t.JMeterThread: Thread is done: 线程组 1-7
2018-04-28 11:54:11,273 INFO o.a.j.t.JMeterThread: Thread finished: 线程组 1-7
2018-04-28 11:54:12,040 INFO o.a.j.t.JMeterThread: Thread is done: 线程组 1-5
2018-04-28 11:54:12,040 INFO o.a.j.t.JMeterThread: Thread finished: 线程组 1-5
2018-04-28 11:54:20,255 INFO o.a.j.t.JMeterThread: Thread is done: 线程组 1-10
2018-04-28 11:54:20,255 INFO o.a.j.t.JMeterThread: Thread finished: 线程组 1-10
2018-04-28 11:54:22,090 INFO o.a.j.t.JMeterThread: Thread is done: 线程组 1-12
2018-04-28 11:54:22,090 INFO o.a.j.t.JMeterThread: Thread finished: 线程组 1-12
2018-04-28 11:54:23,028 INFO o.a.j.t.JMeterThread: Thread is done: 线程组 1-11
2018-04-28 11:54:23,028 INFO o.a.j.t.JMeterThread: Thread finished: 线程组 1-11
2018-04-28 11:54:27,484 INFO o.a.j.t.JMeterThread: Thread is done: 线程组 1-17
2018-04-28 11:54:27,484 INFO o.a.j.t.JMeterThread: Thread finished: 线程组 1-17
2018-04-28 11:54:29,738 INFO o.a.j.t.JMeterThread: Thread is done: 线程组 1-15
2018-04-28 11:54:29,738 INFO o.a.j.t.JMeterThread: Thread finished: 线程组 1-15
2018-04-28 11:54:30,232 INFO o.a.j.t.JMeterThread: Thread is done: 线程组 1-16
2018-04-28 11:54:30,232 INFO o.a.j.t.JMeterThread: Thread finished: 线程组 1-16
2018-04-28 11:54:30,637 INFO o.a.j.t.JMeterThread: Thread is done: 线程组 1-20
2018-04-28 11:54:30,637 INFO o.a.j.t.JMeterThread: Thread finished: 线程组 1-20
2018-04-28 11:54:31,721 INFO o.a.j.t.JMeterThread: Thread is done: 线程组 1-19
2018-04-28 11:54:31,721 INFO o.a.j.t.JMeterThread: Thread finished: 线程组 1-19
2018-04-28 11:54:36,488 INFO o.a.j.t.JMeterThread: Thread is done: 线程组 1-24
2018-04-28 11:54:36,488 INFO o.a.j.t.JMeterThread: Thread finished: 线程组 1-24
2018-04-28 11:54:37,935 INFO o.a.j.t.JMeterThread: Thread is done: 线程组 1-9
2018-04-28 11:54:37,935 INFO o.a.j.t.JMeterThread: Thread finished: 线程组 1-9
2018-04-28 11:54:41,242 INFO o.a.j.t.JMeterThread: Thread is done: 线程组 1-13
2018-04-28 11:54:41,242 INFO o.a.j.t.JMeterThread: Thread finished: 线程组 1-13
2018-04-28 11:54:41,738 INFO o.a.j.t.JMeterThread: Thread is done: 线程组 1-14
2018-04-28 11:54:41,738 INFO o.a.j.t.JMeterThread: Thread finished: 线程组 1-14
2018-04-28 11:54:42,154 INFO o.a.j.t.JMeterThread: Thread is done: 线程组 1-22
2018-04-28 11:54:42,154 INFO o.a.j.t.JMeterThread: Thread finished: 线程组 1-22
2018-04-28 11:54:44,672 INFO o.a.j.t.JMeterThread: Thread is done: 线程组 1-18
2018-04-28 11:54:44,672 INFO o.a.j.t.JMeterThread: Thread finished: 线程组 1-18
2018-04-28 11:54:54,292 INFO o.a.j.t.JMeterThread: Thread is done: 线程组 1-29
2018-04-28 11:54:54,293 INFO o.a.j.t.JMeterThread: Thread finished: 线程组 1-29
2018-04-28 11:54:58,721 INFO o.a.j.t.JMeterThread: Thread is done: 线程组 1-23
2018-04-28 11:54:58,721 INFO o.a.j.t.JMeterThread: Thread finished: 线程组 1-23
2018-04-28 11:55:01,786 INFO o.a.j.t.JMeterThread: Thread is done: 线程组 1-28
2018-04-28 11:55:01,787 INFO o.a.j.t.JMeterThread: Thread finished: 线程组 1-28
2018-04-28 11:55:02,391 INFO o.a.j.t.JMeterThread: Thread is done: 线程组 1-21
2018-04-28 11:55:02,391 INFO o.a.j.t.JMeterThread: Thread finished: 线程组 1-21
2018-04-28 11:55:09,630 INFO o.a.j.t.JMeterThread: Thread is done: 线程组 1-35
2018-04-28 11:55:09,630 INFO o.a.j.t.JMeterThread: Thread finished: 线程组 1-35
2018-04-28 11:55:10,256 INFO o.a.j.t.JMeterThread: Thread is done: 线程组 1-32
2018-04-28 11:55:10,256 INFO o.a.j.t.JMeterThread: Thread finished: 线程组 1-32
2018-04-28 11:55:10,725 INFO o.a.j.t.JMeterThread: Thread is done: 线程组 1-36
2018-04-28 11:55:10,725 INFO o.a.j.t.JMeterThread: Thread finished: 线程组 1-36
2018-04-28 11:55:12,088 INFO o.a.j.t.JMeterThread: Thread is done: 线程组 1-39
2018-04-28 11:55:12,088 INFO o.a.j.t.JMeterThread: Thread finished: 线程组 1-39
2018-04-28 11:55:14,084 INFO o.a.j.t.JMeterThread: Thread is done: 线程组 1-37
2018-04-28 11:55:14,084 INFO o.a.j.t.JMeterThread: Thread finished: 线程组 1-37
2018-04-28 11:55:16,114 INFO o.a.j.t.JMeterThread: Thread is done: 线程组 1-33
2018-04-28 11:55:16,114 INFO o.a.j.t.JMeterThread: Thread finished: 线程组 1-33
2018-04-28 11:55:20,730 INFO o.a.j.t.JMeterThread: Thread is done: 线程组 1-41
2018-04-28 11:55:20,730 INFO o.a.j.t.JMeterThread: Thread finished: 线程组 1-41
2018-04-28 11:55:21,488 INFO o.a.j.t.JMeterThread: Thread is done: 线程组 1-25
2018-04-28 11:55:21,488 INFO o.a.j.t.JMeterThread: Thread finished: 线程组 1-25
2018-04-28 11:55:24,250 INFO o.a.j.t.JMeterThread: Thread is done: 线程组 1-44
2018-04-28 11:55:24,251 INFO o.a.j.t.JMeterThread: Thread finished: 线程组 1-44
2018-04-28 11:55:27,897 INFO o.a.j.t.JMeterThread: Thread is done: 线程组 1-27
2018-04-28 11:55:27,897 INFO o.a.j.t.JMeterThread: Thread finished: 线程组 1-27
2018-04-28 11:55:28,088 INFO o.a.j.t.JMeterThread: Thread is done: 线程组 1-30
2018-04-28 11:55:28,088 INFO o.a.j.t.JMeterThread: Thread finished: 线程组 1-30
2018-04-28 11:55:28,802 INFO o.a.j.t.JMeterThread: Thread is done: 线程组 1-26
2018-04-28 11:55:28,802 INFO o.a.j.t.JMeterThread: Thread finished: 线程组 1-26
2018-04-28 11:55:29,009 INFO o.a.j.t.JMeterThread: Thread is done: 线程组 1-49
2018-04-28 11:55:29,009 INFO o.a.j.t.JMeterThread: Thread finished: 线程组 1-49
2018-04-28 11:55:29,055 INFO o.a.j.t.JMeterThread: Thread is done: 线程组 1-42
2018-04-28 11:55:29,055 INFO o.a.j.t.JMeterThread: Thread finished: 线程组 1-42
2018-04-28 11:55:29,382 INFO o.a.j.t.JMeterThread: Thread is done: 线程组 1-43
2018-04-28 11:55:29,382 INFO o.a.j.t.JMeterThread: Thread finished: 线程组 1-43
2018-04-28 11:55:30,302 INFO o.a.j.t.JMeterThread: Thread is done: 线程组 1-46
2018-04-28 11:55:30,302 INFO o.a.j.t.JMeterThread: Thread finished: 线程组 1-46
2018-04-28 11:55:30,418 INFO o.a.j.t.JMeterThread: Thread is done: 线程组 1-48
2018-04-28 11:55:30,419 INFO o.a.j.t.JMeterThread: Thread finished: 线程组 1-48
2018-04-28 11:55:30,923 INFO o.a.j.t.JMeterThread: Thread is done: 线程组 1-34
2018-04-28 11:55:30,923 INFO o.a.j.t.JMeterThread: Thread finished: 线程组 1-34
2018-04-28 11:55:31,540 INFO o.a.j.t.JMeterThread: Thread is done: 线程组 1-38
2018-04-28 11:55:31,540 INFO o.a.j.t.JMeterThread: Thread finished: 线程组 1-38
2018-04-28 11:55:31,572 INFO o.a.j.t.JMeterThread: Thread is done: 线程组 1-47
2018-04-28 11:55:31,572 INFO o.a.j.t.JMeterThread: Thread finished: 线程组 1-47
2018-04-28 11:55:31,728 INFO o.a.j.t.JMeterThread: Thread is done: 线程组 1-31
2018-04-28 11:55:31,728 INFO o.a.j.t.JMeterThread: Thread finished: 线程组 1-31
2018-04-28 11:55:32,448 INFO o.a.j.t.JMeterThread: Thread is done: 线程组 1-40
2018-04-28 11:55:32,448 INFO o.a.j.t.JMeterThread: Thread finished: 线程组 1-40
2018-04-28 11:55:32,506 INFO o.a.j.t.JMeterThread: Thread is done: 线程组 1-50
2018-04-28 11:55:32,506 INFO o.a.j.t.JMeterThread: Thread finished: 线程组 1-50
2018-04-28 11:55:32,690 INFO o.a.j.t.JMeterThread: Thread is done: 线程组 1-45
2018-04-28 11:55:32,690 INFO o.a.j.t.JMeterThread: Thread finished: 线程组 1-45
2018-04-28 11:55:32,691 INFO o.a.j.e.StandardJMeterEngine: Notifying test listeners of end of test
2018-04-28 11:55:32,691 INFO o.a.j.g.u.JMeterMenuBar: setRunning(false, *local*)
